	A	C	G	T	Entropy

Target gene PSFM: 

1	0.177785    0.186278    0.498900    0.137037    0.211951
2	0.144229    0.386118    0.296269    0.173384    0.108725
3	0.149032    0.396702    0.325212    0.129055    0.153321
4	0.112316    0.0608465   0.696280    0.130557    0.652857
5	0.0822843   0.697400    0.117281    0.103034    0.640446
6	0.121253    0.713964    0.118226    0.0465558   0.713689
7	0.0475144   0.0227439   0.884673    0.0450691   1.30907
8	0.0134775   0.976159    0.00571917  0.00464411  1.80368
9	0.000760415 0.989455    0.00748756  0.00229744  1.90398
10	0.988385    0.0101800   0.000304576 0.00113011  1.90135
11	0.000378366 0.000576145 0.00348692  0.995559    1.95464
12	0.0545146   0.524045    0.199459    0.221981    0.336717
13	0.0345401   0.0257816   0.0193021   0.920376    1.47612
14	0.000569079 0.0511802   0.00462875  0.943622    1.65950
15	0.0988121   0.162955    0.535327    0.202906    0.294011
16	0.190454    0.252751    0.386091    0.170705    0.0773628
17	0.210873    0.331713    0.244943    0.212472    0.0264801
18	0.183669    0.254736    0.255000    0.306594    0.0227454
19	0.194716    0.315147    0.310940    0.179197    0.0468561
20	0.213897    0.329591    0.245093    0.211419    0.0251594
21	0.164410    0.258645    0.425393    0.151552    0.130060


Non-target gene PSFM: 

1	0.211618    0.228093    0.377004    0.183285    0.0602846
2	0.181731    0.323132    0.291076    0.204062    0.0401097
3	0.195441    0.321750    0.261259    0.221550    0.0256899
4	0.183337    0.147912    0.440017    0.228734    0.135526
5	0.155962    0.451066    0.192615    0.200357    0.141425
6	0.206044    0.469304    0.183784    0.140868    0.170760
7	0.160354    0.117448    0.557017    0.165181    0.314297
8	0.0533704   0.879866    0.0359649   0.0307982   1.28473
9	0.00989011  0.945355    0.0264323   0.0183227   1.61322
10	0.912768    0.0636340   0.00824821  0.0153498   1.47734
11	0.00815011  0.0119901   0.0355095   0.944350    1.61792
12	0.0860864   0.408312    0.249354    0.256247    0.164768
13	0.0722088   0.0945818   0.0593612   0.773848    0.876326
14	0.00714260  0.124520    0.0360312   0.832306    1.18166
15	0.132203    0.242022    0.385676    0.240099    0.0943870
16	0.200847    0.273854    0.323675    0.201624    0.0306234
17	0.207640    0.334728    0.226220    0.231412    0.0269105
18	0.197887    0.278716    0.252535    0.270862    0.0119792
19	0.239750    0.291160    0.265618    0.203472    0.0123118
20	0.222131    0.289704    0.260663    0.227502    0.00848434
21	0.193934    0.278670    0.332533    0.194863    0.0394110


Profile ratios: 

1	0.840121    0.816675    1.32333     0.747670    
2	0.793639    1.19492     1.01784     0.849667    
3	0.762541    1.23295     1.24479     0.582510    
4	0.612621    0.411368    1.58240     0.570781    
5	0.527591    1.54612     0.608890    0.514253    
6	0.588483    1.52133     0.643289    0.330493    
7	0.296310    0.193651    1.58823     0.272847    
8	0.252529    1.10944     0.159021    0.150791    
9	0.0768864   1.04665     0.283273    0.125388    
10	1.08284     0.159978    0.0369264   0.0736236   
11	0.0464246   0.0480518   0.0981967   1.05423     
12	0.633254    1.28344     0.799903    0.866279    
13	0.478336    0.272585    0.325163    1.18935     
14	0.0796739   0.411019    0.128465    1.13374     
15	0.747429    0.673306    1.38802     0.845092    
16	0.948253    0.922941    1.19283     0.846649    
17	1.01557     0.990991    1.08276     0.918155    
18	0.928150    0.913963    1.00976     1.13192     
19	0.812164    1.08238     1.17063     0.880694    
20	0.962932    1.13768     0.940271    0.929303    
21	0.847761    0.928141    1.27925     0.777738    
