	A	C	G	T	Entropy

Target gene PSFM: 

1	0.182641    0.192378    0.476249    0.148732    0.175941
2	0.155285    0.356470    0.303477    0.184768    0.0800498
3	0.159600    0.382026    0.316106    0.142268    0.121653
4	0.119421    0.0802944   0.648086    0.152199    0.522812
5	0.0935838   0.661289    0.126653    0.118474    0.543467
6	0.135797    0.682091    0.123806    0.0583059   0.620151
7	0.0573188   0.0345371   0.847028    0.0611164   1.14655
8	0.0167999   0.965287    0.0113222   0.00659059  1.73081
9	0.00192345  0.983656    0.00843402  0.00598650  1.85695
10	0.976138    0.0181102   0.000533992 0.00521817  1.81581
11	0.00432934  0.00141539  0.00631538  0.987940    1.88917
12	0.0618998   0.499603    0.202552    0.235946    0.293171
13	0.0378045   0.0301488   0.0229358   0.909111    1.41917
14	0.00287705  0.0502078   0.00821911  0.938696    1.61641
15	0.106551    0.171846    0.504202    0.217400    0.242432
16	0.199941    0.254235    0.370187    0.175637    0.0618984
17	0.211569    0.327412    0.247170    0.213849    0.0242287
18	0.187451    0.252074    0.254894    0.305581    0.0207680
19	0.214039    0.305122    0.299376    0.181464    0.0337179
20	0.215189    0.318637    0.240735    0.225438    0.0182189
21	0.165382    0.249743    0.427944    0.156931    0.127483


Non-target gene PSFM: 

1	0.209502    0.225056    0.382038    0.183404    0.0642183
2	0.183001    0.317679    0.293873    0.205446    0.0378144
3	0.194883    0.323494    0.265199    0.216424    0.0278034
4	0.175709    0.150961    0.446085    0.227246    0.142116
5	0.151810    0.465339    0.186534    0.196317    0.160584
6	0.204774    0.479636    0.177689    0.137901    0.186025
7	0.149070    0.115788    0.572789    0.162352    0.344214
8	0.0487791   0.882160    0.0407190   0.0283417   1.29412
9	0.0117624   0.941009    0.0233634   0.0238647   1.58684
10	0.899339    0.0666808   0.00652560  0.0274545   1.41208
11	0.0222542   0.0118932   0.0353474   0.930505    1.53464
12	0.0868937   0.410004    0.244513    0.258589    0.164919
13	0.0675361   0.0851911   0.0552508   0.792022    0.937453
14	0.0123136   0.108123    0.0373928   0.842171    1.18891
15	0.131595    0.235444    0.390218    0.242743    0.0981312
16	0.203750    0.272232    0.323513    0.200505    0.0298216
17	0.209221    0.330480    0.229946    0.230353    0.0243742
18	0.198375    0.274487    0.252796    0.274342    0.0116371
19	0.243177    0.290016    0.266041    0.200766    0.0127592
20	0.222054    0.287561    0.257191    0.233193    0.00720526
21	0.190701    0.271179    0.345462    0.192658    0.0460981


Profile ratios: 

1	0.871786    0.854802    1.24660     0.810952    
2	0.848546    1.12211     1.03268     0.899350    
3	0.818954    1.18094     1.19196     0.657357    
4	0.679652    0.531888    1.45283     0.669756    
5	0.616454    1.42109     0.678980    0.603484    
6	0.663155    1.42210     0.696757    0.422810    
7	0.384509    0.298277    1.47878     0.376443    
8	0.344407    1.09423     0.278057    0.232541    
9	0.163525    1.04532     0.360993    0.250852    
10	1.08539     0.271595    0.0818304   0.190066    
11	0.194541    0.119008    0.178666    1.06172     
12	0.712362    1.21853     0.828388    0.912437    
13	0.559767    0.353896    0.415121    1.14784     
14	0.233648    0.464360    0.219804    1.11461     
15	0.809691    0.729883    1.29210     0.895600    
16	0.981306    0.933890    1.14427     0.875975    
17	1.01122     0.990716    1.07491     0.928352    
18	0.944933    0.918345    1.00830     1.11387     
19	0.880177    1.05209     1.12530     0.903859    
20	0.969085    1.10807     0.936015    0.966745    
21	0.867233    0.920954    1.23876     0.814557    
